[LOG] System::create                           : Header version = 2.01.05. Current version = 2.01.05.
[LOG] Manager::init                            : maxchannels = 256 studioflags = 00000006 flags 00000000 extradriverdata 0000000000000000.
[LOG] SystemI::init                            : Initialize version=20105 (112138), maxchannels=256, flags=0x00020000
[LOG] SystemI::setOutputInternal               : Setting output to 'FMOD WASAPI Output'
[LOG] OutputWASAPI::init                       : Mix Format (WAVEFORMATEX): wFormatTag=0xFFFE, nChannels=2, nSamplesPerSec=48000, nAvgBytesPerSec=384000, nBlockAlign=8, wBitsPerSample=32, cbSize=22.
[LOG] OutputWASAPI::init                       : Mix Format (WAVEFORMATEXTENSIBLE): wValidBitsPerSample=32, dwChannelMask=0x00000003, SubFormat=00000003-0000-0010-8000-00AA00389B71.
[LOG] OutputWASAPI::init                       : Output buffer size: 4096 samples, latency: 0.00ms, period: 10.00ms, DSP buffer: 1024 * 4
[LOG] Thread::initThread                       : Init FMOD stream thread. Affinity: 0x8000000000000003, Priority: 0xFFFF7FFB, Stack Size: 98304, Semaphore: No, Sleep Time: 10, Looping: Yes.
[LOG] Thread::initThread                       : Init FMOD mixer thread. Affinity: 0x8000000000000001, Priority: 0xFFFF7FFA, Stack Size: 81920, Semaphore: No, Sleep Time: 0, Looping: Yes.
[LOG] AsyncManager::init                       : manager 000001E7B64D3618 isAsync 0 updatePeriod 0.02
[LOG] AsyncManager::init                       : done
[LOG] PlaybackSystem::init                     : 
[LOG] Thread::initThread                       : Init FMOD Studio sample load thread. Affinity: 0x8000000000000003, Priority: 0xFFFF7FFD, Stack Size: 98304, Semaphore: No, Sleep Time: 1, Looping: No.
[LOG] PlaybackSystem::init                     : done
[LOG] Thread::initThread                       : Init FMOD Studio bank load thread. Affinity: 0x8000000000000003, Priority: 0xFFFF7FFD, Stack Size: 98304, Semaphore: No, Sleep Time: 1, Looping: No.
[LOG] Manager::init                            : done.
[LOG] Manager::readBank                        : fileversion = 135, compatVersion = 132 (oldest = 44, newest = 135)
[LOG] Manager::readBank                        : fileversion = 135, compatVersion = 132 (oldest = 44, newest = 135)
[LOG] Manager::readBank                        : fileversion = 135, compatVersion = 132 (oldest = 44, newest = 135)
[LOG] PlaybackSystem::acquireMasterBus         : Setting master channel group format to 6
[LOG] SystemI::createSoundInternal             : Create name='', mode=0x02000202
[LOG] SystemI::createSoundInternal             : exinfo->cbsize             = 224
[LOG] SystemI::createSoundInternal             : exinfo->length             = 155872
[LOG] SystemI::createSoundInternal             : exinfo->fileoffset         = 8096
[LOG] SystemI::createSoundInternal             : exinfo->numsubsounds       = 1
[LOG] SystemI::createSoundInternal             : exinfo->inclusionlist      = 0000009FDB85F0C8
[LOG] SystemI::createSoundInternal             : exinfo->inclusionlistnum   = 1
[LOG] SystemI::createSoundInternal             : exinfo->suggestedsoundtype = 5
[LOG] SystemI::createSoundInternal             : exinfo->useropen           = 00007FF9206C7E30
[LOG] SystemI::createSoundInternal             : exinfo->userclose          = 00007FF9206C7E00
[LOG] SystemI::createSoundInternal             : exinfo->userread           = 00007FF9206C7F00
[LOG] SystemI::createSoundInternal             : exinfo->userseek           = 00007FF9206C7FC0
[LOG] SystemI::createSoundInternal             : exinfo->fileuserdata       = 000001E84C3552C8
[LOG] SystemI::createSoundInternal             : exinfo->initialseekpostype = 1
[LOG] SystemI::DSPCodecPoolRegister            : register codec pool for pool type 5
[LOG] SystemI::createSoundInternal             : Sample 0/1: name='jump_03', format=5, channels=1, frequency=48000, lengthbytes=8928, lengthpcm=47834, pcmblocksize=0, loopstart=0, loopend=0, mode=0x00000000, channelmask=0x00000000, channelorder=0, peakvolume=0.356873.
[LOG] SystemI::createSoundInternal             : Create name='', mode=0x02000202
[LOG] SystemI::createSoundInternal             : exinfo->cbsize             = 224
[LOG] SystemI::createSoundInternal             : exinfo->length             = 155872
[LOG] SystemI::createSoundInternal             : exinfo->fileoffset         = 8096
[LOG] SystemI::createSoundInternal             : exinfo->numsubsounds       = 1
[LOG] SystemI::createSoundInternal             : exinfo->inclusionlist      = 0000009FDB85F0C8
[LOG] SystemI::createSoundInternal             : exinfo->inclusionlistnum   = 1
[LOG] SystemI::createSoundInternal             : exinfo->suggestedsoundtype = 5
[LOG] SystemI::createSoundInternal             : exinfo->useropen           = 00007FF9206C7E30
[LOG] SystemI::createSoundInternal             : exinfo->userclose          = 00007FF9206C7E00
[LOG] SystemI::createSoundInternal             : exinfo->userread           = 00007FF9206C7F00
[LOG] SystemI::createSoundInternal             : exinfo->userseek           = 00007FF9206C7FC0
[LOG] SystemI::createSoundInternal             : exinfo->fileuserdata       = 000001E84C3552C8
[LOG] SystemI::createSoundInternal             : exinfo->initialseekpostype = 1
[LOG] SystemI::DSPCodecPoolRegister            : register codec pool for pool type 5
[LOG] SystemI::createSoundInternal             : Sample 0/1: name='jump_04', format=5, channels=1, frequency=48000, lengthbytes=9120, lengthpcm=48274, pcmblocksize=0, loopstart=0, loopend=0, mode=0x00000000, channelmask=0x00000000, channelorder=0, peakvolume=0.416046.
[LOG] SystemI::createSoundInternal             : Create name='', mode=0x02000202
[LOG] SystemI::createSoundInternal             : exinfo->cbsize             = 224
[LOG] SystemI::createSoundInternal             : exinfo->length             = 155872
[LOG] SystemI::createSoundInternal             : exinfo->fileoffset         = 8096
[LOG] SystemI::createSoundInternal             : exinfo->numsubsounds       = 1
[LOG] SystemI::createSoundInternal             : exinfo->inclusionlist      = 0000009FDB85F0C8
[LOG] SystemI::createSoundInternal             : exinfo->inclusionlistnum   = 1
[LOG] SystemI::createSoundInternal             : exinfo->suggestedsoundtype = 5
[LOG] SystemI::createSoundInternal             : exinfo->useropen           = 00007FF9206C7E30
[LOG] SystemI::createSoundInternal             : exinfo->userclose          = 00007FF9206C7E00
[LOG] SystemI::createSoundInternal             : exinfo->userread           = 00007FF9206C7F00
[LOG] SystemI::createSoundInternal             : exinfo->userseek           = 00007FF9206C7FC0
[LOG] SystemI::createSoundInternal             : exinfo->fileuserdata       = 000001E84C3552C8
[LOG] SystemI::createSoundInternal             : exinfo->initialseekpostype = 1
[LOG] SystemI::DSPCodecPoolRegister            : register codec pool for pool type 5
[LOG] SystemI::createSoundInternal             : Sample 0/1: name='jump_06', format=5, channels=1, frequency=48000, lengthbytes=7936, lengthpcm=48274, pcmblocksize=0, loopstart=0, loopend=0, mode=0x00000000, channelmask=0x00000000, channelorder=0, peakvolume=0.354309.
[LOG] SystemI::createSoundInternal             : Create name='', mode=0x02000202
[LOG] SystemI::createSoundInternal             : exinfo->cbsize             = 224
[LOG] SystemI::createSoundInternal             : exinfo->length             = 155872
[LOG] SystemI::createSoundInternal             : exinfo->fileoffset         = 8096
[LOG] SystemI::createSoundInternal             : exinfo->numsubsounds       = 1
[LOG] SystemI::createSoundInternal             : exinfo->inclusionlist      = 0000009FDB85F0C8
[LOG] SystemI::createSoundInternal             : exinfo->inclusionlistnum   = 1
[LOG] SystemI::createSoundInternal             : exinfo->suggestedsoundtype = 5
[LOG] SystemI::createSoundInternal             : exinfo->useropen           = 00007FF9206C7E30
[LOG] SystemI::createSoundInternal             : exinfo->userclose          = 00007FF9206C7E00
[LOG] SystemI::createSoundInternal             : exinfo->userread           = 00007FF9206C7F00
[LOG] SystemI::createSoundInternal             : exinfo->userseek           = 00007FF9206C7FC0
[LOG] SystemI::createSoundInternal             : exinfo->fileuserdata       = 000001E84C3552C8
[LOG] SystemI::createSoundInternal             : exinfo->initialseekpostype = 1
[LOG] SystemI::DSPCodecPoolRegister            : register codec pool for pool type 5
[LOG] SystemI::createSoundInternal             : Sample 0/1: name='jump_13', format=5, channels=1, frequency=48000, lengthbytes=8800, lengthpcm=48274, pcmblocksize=0, loopstart=0, loopend=0, mode=0x00000000, channelmask=0x00000000, channelorder=0, peakvolume=0.287262.
[LOG] SystemI::createSoundInternal             : Create name='', mode=0x02000202
[LOG] SystemI::createSoundInternal             : exinfo->cbsize             = 224
[LOG] SystemI::createSoundInternal             : exinfo->length             = 155872
[LOG] SystemI::createSoundInternal             : exinfo->fileoffset         = 8096
[LOG] SystemI::createSoundInternal             : exinfo->numsubsounds       = 1
[LOG] SystemI::createSoundInternal             : exinfo->inclusionlist      = 0000009FDB85F0C8
[LOG] SystemI::createSoundInternal             : exinfo->inclusionlistnum   = 1
[LOG] SystemI::createSoundInternal             : exinfo->suggestedsoundtype = 5
[LOG] SystemI::createSoundInternal             : exinfo->useropen           = 00007FF9206C7E30
[LOG] SystemI::createSoundInternal             : exinfo->userclose          = 00007FF9206C7E00
[LOG] SystemI::createSoundInternal             : exinfo->userread           = 00007FF9206C7F00
[LOG] SystemI::createSoundInternal             : exinfo->userseek           = 00007FF9206C7FC0
[LOG] SystemI::createSoundInternal             : exinfo->fileuserdata       = 000001E84C3552C8
[LOG] SystemI::createSoundInternal             : exinfo->initialseekpostype = 1
[LOG] SystemI::DSPCodecPoolRegister            : register codec pool for pool type 5
[LOG] SystemI::createSoundInternal             : Sample 0/1: name='jump_09', format=5, channels=1, frequency=48000, lengthbytes=8448, lengthpcm=48164, pcmblocksize=0, loopstart=0, loopend=0, mode=0x00000000, channelmask=0x00000000, channelorder=0, peakvolume=0.279175.
[LOG] SystemI::createSoundInternal             : Create name='', mode=0x02000202
[LOG] SystemI::createSoundInternal             : exinfo->cbsize             = 224
[LOG] SystemI::createSoundInternal             : exinfo->length             = 155872
[LOG] SystemI::createSoundInternal             : exinfo->fileoffset         = 8096
[LOG] SystemI::createSoundInternal             : exinfo->numsubsounds       = 1
[LOG] SystemI::createSoundInternal             : exinfo->inclusionlist      = 0000009FDB85F0C8
[LOG] SystemI::createSoundInternal             : exinfo->inclusionlistnum   = 1
[LOG] SystemI::createSoundInternal             : exinfo->suggestedsoundtype = 5
[LOG] SystemI::createSoundInternal             : exinfo->useropen           = 00007FF9206C7E30
[LOG] SystemI::createSoundInternal             : exinfo->userclose          = 00007FF9206C7E00
[LOG] SystemI::createSoundInternal             : exinfo->userread           = 00007FF9206C7F00
[LOG] SystemI::createSoundInternal             : exinfo->userseek           = 00007FF9206C7FC0
[LOG] SystemI::createSoundInternal             : exinfo->fileuserdata       = 000001E84C3552C8
[LOG] SystemI::createSoundInternal             : exinfo->initialseekpostype = 1
[LOG] SystemI::DSPCodecPoolRegister            : register codec pool for pool type 5
[LOG] SystemI::createSoundInternal             : Sample 0/1: name='jump_05', format=5, channels=1, frequency=48000, lengthbytes=8864, lengthpcm=47945, pcmblocksize=0, loopstart=0, loopend=0, mode=0x00000000, channelmask=0x00000000, channelorder=0, peakvolume=0.358185.
[LOG] SystemI::createSoundInternal             : Create name='', mode=0x02000202
[LOG] SystemI::createSoundInternal             : exinfo->cbsize             = 224
[LOG] SystemI::createSoundInternal             : exinfo->length             = 155872
[LOG] SystemI::createSoundInternal             : exinfo->fileoffset         = 8096
[LOG] SystemI::createSoundInternal             : exinfo->numsubsounds       = 1
[LOG] SystemI::createSoundInternal             : exinfo->inclusionlist      = 0000009FDB85F0C8
[LOG] SystemI::createSoundInternal             : exinfo->inclusionlistnum   = 1
[LOG] SystemI::createSoundInternal             : exinfo->suggestedsoundtype = 5
[LOG] SystemI::createSoundInternal             : exinfo->useropen           = 00007FF9206C7E30
[LOG] SystemI::createSoundInternal             : exinfo->userclose          = 00007FF9206C7E00
[LOG] SystemI::createSoundInternal             : exinfo->userread           = 00007FF9206C7F00
[LOG] SystemI::createSoundInternal             : exinfo->userseek           = 00007FF9206C7FC0
[LOG] SystemI::createSoundInternal             : exinfo->fileuserdata       = 000001E84C3552C8
[LOG] SystemI::createSoundInternal             : exinfo->initialseekpostype = 1
[LOG] SystemI::DSPCodecPoolRegister            : register codec pool for pool type 5
[LOG] SystemI::createSoundInternal             : Sample 0/1: name='jump_15', format=5, channels=1, frequency=48000, lengthbytes=8384, lengthpcm=48165, pcmblocksize=0, loopstart=0, loopend=0, mode=0x00000000, channelmask=0x00000000, channelorder=0, peakvolume=0.407288.
[LOG] SystemI::createSoundInternal             : Create name='', mode=0x02000202
[LOG] SystemI::createSoundInternal             : exinfo->cbsize             = 224
[LOG] SystemI::createSoundInternal             : exinfo->length             = 155872
[LOG] SystemI::createSoundInternal             : exinfo->fileoffset         = 8096
[LOG] SystemI::createSoundInternal             : exinfo->numsubsounds       = 1
[LOG] SystemI::createSoundInternal             : exinfo->inclusionlist      = 0000009FDB85F0C8
[LOG] SystemI::createSoundInternal             : exinfo->inclusionlistnum   = 1
[LOG] SystemI::createSoundInternal             : exinfo->suggestedsoundtype = 5
[LOG] SystemI::createSoundInternal             : exinfo->useropen           = 00007FF9206C7E30
[LOG] SystemI::createSoundInternal             : exinfo->userclose          = 00007FF9206C7E00
[LOG] SystemI::createSoundInternal             : exinfo->userread           = 00007FF9206C7F00
[LOG] SystemI::createSoundInternal             : exinfo->userseek           = 00007FF9206C7FC0
[LOG] SystemI::createSoundInternal             : exinfo->fileuserdata       = 000001E84C3552C8
[LOG] SystemI::createSoundInternal             : exinfo->initialseekpostype = 1
[LOG] SystemI::DSPCodecPoolRegister            : register codec pool for pool type 5
[LOG] SystemI::createSoundInternal             : Sample 0/1: name='jump_07', format=5, channels=1, frequency=48000, lengthbytes=7936, lengthpcm=48274, pcmblocksize=0, loopstart=0, loopend=0, mode=0x00000000, channelmask=0x00000000, channelorder=0, peakvolume=0.354309.
[LOG] SystemI::createSoundInternal             : Create name='', mode=0x02000202
[LOG] SystemI::createSoundInternal             : exinfo->cbsize             = 224
[LOG] SystemI::createSoundInternal             : exinfo->length             = 155872
[LOG] SystemI::createSoundInternal             : exinfo->fileoffset         = 8096
[LOG] SystemI::createSoundInternal             : exinfo->numsubsounds       = 1
[LOG] SystemI::createSoundInternal             : exinfo->inclusionlist      = 0000009FDB85F0C8
[LOG] SystemI::createSoundInternal             : exinfo->inclusionlistnum   = 1
[LOG] SystemI::createSoundInternal             : exinfo->suggestedsoundtype = 5
[LOG] SystemI::createSoundInternal             : exinfo->useropen           = 00007FF9206C7E30
[LOG] SystemI::createSoundInternal             : exinfo->userclose          = 00007FF9206C7E00
[LOG] SystemI::createSoundInternal             : exinfo->userread           = 00007FF9206C7F00
[LOG] SystemI::createSoundInternal             : exinfo->userseek           = 00007FF9206C7FC0
[LOG] SystemI::createSoundInternal             : exinfo->fileuserdata       = 000001E84C3552C8
[LOG] SystemI::createSoundInternal             : exinfo->initialseekpostype = 1
[LOG] SystemI::DSPCodecPoolRegister            : register codec pool for pool type 5
[LOG] SystemI::createSoundInternal             : Sample 0/1: name='jump_10', format=5, channels=1, frequency=48000, lengthbytes=9024, lengthpcm=48219, pcmblocksize=0, loopstart=0, loopend=0, mode=0x00000000, channelmask=0x00000000, channelorder=0, peakvolume=0.311584.
[LOG] SystemI::createSoundInternal             : Create name='', mode=0x02000202
[LOG] SystemI::createSoundInternal             : exinfo->cbsize             = 224
[LOG] SystemI::createSoundInternal             : exinfo->length             = 155872
[LOG] SystemI::createSoundInternal             : exinfo->fileoffset         = 8096
[LOG] SystemI::createSoundInternal             : exinfo->numsubsounds       = 1
[LOG] SystemI::createSoundInternal             : exinfo->inclusionlist      = 0000009FDB85F0C8
[LOG] SystemI::createSoundInternal             : exinfo->inclusionlistnum   = 1
[LOG] SystemI::createSoundInternal             : exinfo->suggestedsoundtype = 5
[LOG] SystemI::createSoundInternal             : exinfo->useropen           = 00007FF9206C7E30
[LOG] SystemI::createSoundInternal             : exinfo->userclose          = 00007FF9206C7E00
[LOG] SystemI::createSoundInternal             : exinfo->userread           = 00007FF9206C7F00
[LOG] SystemI::createSoundInternal             : exinfo->userseek           = 00007FF9206C7FC0
[LOG] SystemI::createSoundInternal             : exinfo->fileuserdata       = 000001E84C3552C8
[LOG] SystemI::createSoundInternal             : exinfo->initialseekpostype = 1
[LOG] SystemI::DSPCodecPoolRegister            : register codec pool for pool type 5
[LOG] SystemI::createSoundInternal             : Sample 0/1: name='jump_11', format=5, channels=1, frequency=48000, lengthbytes=8896, lengthpcm=47834, pcmblocksize=0, loopstart=0, loopend=0, mode=0x00000000, channelmask=0x00000000, channelorder=0, peakvolume=0.352509.
[LOG] SystemI::createSoundInternal             : Create name='', mode=0x02000202
[LOG] SystemI::createSoundInternal             : exinfo->cbsize             = 224
[LOG] SystemI::createSoundInternal             : exinfo->length             = 155872
[LOG] SystemI::createSoundInternal             : exinfo->fileoffset         = 8096
[LOG] SystemI::createSoundInternal             : exinfo->numsubsounds       = 1
[LOG] SystemI::createSoundInternal             : exinfo->inclusionlist      = 0000009FDB85F0C8
[LOG] SystemI::createSoundInternal             : exinfo->inclusionlistnum   = 1
[LOG] SystemI::createSoundInternal             : exinfo->suggestedsoundtype = 5
[LOG] SystemI::createSoundInternal             : exinfo->useropen           = 00007FF9206C7E30
[LOG] SystemI::createSoundInternal             : exinfo->userclose          = 00007FF9206C7E00
[LOG] SystemI::createSoundInternal             : exinfo->userread           = 00007FF9206C7F00
[LOG] SystemI::createSoundInternal             : exinfo->userseek           = 00007FF9206C7FC0
[LOG] SystemI::createSoundInternal             : exinfo->fileuserdata       = 000001E84C3552C8
[LOG] SystemI::createSoundInternal             : exinfo->initialseekpostype = 1
[LOG] SystemI::DSPCodecPoolRegister            : register codec pool for pool type 5
[LOG] SystemI::createSoundInternal             : Sample 0/1: name='jump_14', format=5, channels=1, frequency=48000, lengthbytes=9120, lengthpcm=47725, pcmblocksize=0, loopstart=0, loopend=0, mode=0x00000000, channelmask=0x00000000, channelorder=0, peakvolume=0.253937.
[LOG] SystemI::createSoundInternal             : Create name='', mode=0x02000202
[LOG] SystemI::createSoundInternal             : exinfo->cbsize             = 224
[LOG] SystemI::createSoundInternal             : exinfo->length             = 155872
[LOG] SystemI::createSoundInternal             : exinfo->fileoffset         = 8096
[LOG] SystemI::createSoundInternal             : exinfo->numsubsounds       = 1
[LOG] SystemI::createSoundInternal             : exinfo->inclusionlist      = 0000009FDB85F0C8
[LOG] SystemI::createSoundInternal             : exinfo->inclusionlistnum   = 1
[LOG] SystemI::createSoundInternal             : exinfo->suggestedsoundtype = 5
[LOG] SystemI::createSoundInternal             : exinfo->useropen           = 00007FF9206C7E30
[LOG] SystemI::createSoundInternal             : exinfo->userclose          = 00007FF9206C7E00
[LOG] SystemI::createSoundInternal             : exinfo->userread           = 00007FF9206C7F00
[LOG] SystemI::createSoundInternal             : exinfo->userseek           = 00007FF9206C7FC0
[LOG] SystemI::createSoundInternal             : exinfo->fileuserdata       = 000001E84C3552C8
[LOG] SystemI::createSoundInternal             : exinfo->initialseekpostype = 1
[LOG] SystemI::DSPCodecPoolRegister            : register codec pool for pool type 5
[LOG] SystemI::createSoundInternal             : Sample 0/1: name='jump_01', format=5, channels=1, frequency=48000, lengthbytes=7904, lengthpcm=46957, pcmblocksize=0, loopstart=0, loopend=0, mode=0x00000000, channelmask=0x00000000, channelorder=0, peakvolume=0.394775.
[LOG] SystemI::createSoundInternal             : Create name='', mode=0x02000202
[LOG] SystemI::createSoundInternal             : exinfo->cbsize             = 224
[LOG] SystemI::createSoundInternal             : exinfo->length             = 155872
[LOG] SystemI::createSoundInternal             : exinfo->fileoffset         = 8096
[LOG] SystemI::createSoundInternal             : exinfo->numsubsounds       = 1
[LOG] SystemI::createSoundInternal             : exinfo->inclusionlist      = 0000009FDB85F0C8
[LOG] SystemI::createSoundInternal             : exinfo->inclusionlistnum   = 1
[LOG] SystemI::createSoundInternal             : exinfo->suggestedsoundtype = 5
[LOG] SystemI::createSoundInternal             : exinfo->useropen           = 00007FF9206C7E30
[LOG] SystemI::createSoundInternal             : exinfo->userclose          = 00007FF9206C7E00
[LOG] SystemI::createSoundInternal             : exinfo->userread           = 00007FF9206C7F00
[LOG] SystemI::createSoundInternal             : exinfo->userseek           = 00007FF9206C7FC0
[LOG] SystemI::createSoundInternal             : exinfo->fileuserdata       = 000001E84C3552C8
[LOG] SystemI::createSoundInternal             : exinfo->initialseekpostype = 1
[LOG] SystemI::DSPCodecPoolRegister            : register codec pool for pool type 5
[LOG] SystemI::createSoundInternal             : Sample 0/1: name='jump_17', format=5, channels=1, frequency=48000, lengthbytes=9056, lengthpcm=48055, pcmblocksize=0, loopstart=0, loopend=0, mode=0x00000000, channelmask=0x00000000, channelorder=0, peakvolume=0.358643.
[LOG] SystemI::createSoundInternal             : Create name='', mode=0x02000202
[LOG] SystemI::createSoundInternal             : exinfo->cbsize             = 224
[LOG] SystemI::createSoundInternal             : exinfo->length             = 155872
[LOG] SystemI::createSoundInternal             : exinfo->fileoffset         = 8096
[LOG] SystemI::createSoundInternal             : exinfo->numsubsounds       = 1
[LOG] SystemI::createSoundInternal             : exinfo->inclusionlist      = 0000009FDB85F0C8
[LOG] SystemI::createSoundInternal             : exinfo->inclusionlistnum   = 1
[LOG] SystemI::createSoundInternal             : exinfo->suggestedsoundtype = 5
[LOG] SystemI::createSoundInternal             : exinfo->useropen           = 00007FF9206C7E30
[LOG] SystemI::createSoundInternal             : exinfo->userclose          = 00007FF9206C7E00
[LOG] SystemI::createSoundInternal             : exinfo->userread           = 00007FF9206C7F00
[LOG] SystemI::createSoundInternal             : exinfo->userseek           = 00007FF9206C7FC0
[LOG] SystemI::createSoundInternal             : exinfo->fileuserdata       = 000001E84C3552C8
[LOG] SystemI::createSoundInternal             : exinfo->initialseekpostype = 1
[LOG] SystemI::DSPCodecPoolRegister            : register codec pool for pool type 5
[LOG] SystemI::createSoundInternal             : Sample 0/1: name='jump_02', format=5, channels=1, frequency=48000, lengthbytes=8512, lengthpcm=48714, pcmblocksize=0, loopstart=0, loopend=0, mode=0x00000000, channelmask=0x00000000, channelorder=0, peakvolume=0.376404.
[LOG] SystemI::createSoundInternal             : Create name='', mode=0x02000202
[LOG] SystemI::createSoundInternal             : exinfo->cbsize             = 224
[LOG] SystemI::createSoundInternal             : exinfo->length             = 155872
[LOG] SystemI::createSoundInternal             : exinfo->fileoffset         = 8096
[LOG] SystemI::createSoundInternal             : exinfo->numsubsounds       = 1
[LOG] SystemI::createSoundInternal             : exinfo->inclusionlist      = 0000009FDB85F0C8
[LOG] SystemI::createSoundInternal             : exinfo->inclusionlistnum   = 1
[LOG] SystemI::createSoundInternal             : exinfo->suggestedsoundtype = 5
[LOG] SystemI::createSoundInternal             : exinfo->useropen           = 00007FF9206C7E30
[LOG] SystemI::createSoundInternal             : exinfo->userclose          = 00007FF9206C7E00
[LOG] SystemI::createSoundInternal             : exinfo->userread           = 00007FF9206C7F00
[LOG] SystemI::createSoundInternal             : exinfo->userseek           = 00007FF9206C7FC0
[LOG] SystemI::createSoundInternal             : exinfo->fileuserdata       = 000001E84C3552C8
[LOG] SystemI::createSoundInternal             : exinfo->initialseekpostype = 1
[LOG] SystemI::DSPCodecPoolRegister            : register codec pool for pool type 5
[LOG] SystemI::createSoundInternal             : Sample 0/1: name='jump_12', format=5, channels=1, frequency=48000, lengthbytes=9024, lengthpcm=48000, pcmblocksize=0, loopstart=0, loopend=0, mode=0x00000000, channelmask=0x00000000, channelorder=0, peakvolume=0.340912.
[LOG] SystemI::createSoundInternal             : Create name='', mode=0x02000202
[LOG] SystemI::createSoundInternal             : exinfo->cbsize             = 224
[LOG] SystemI::createSoundInternal             : exinfo->length             = 155872
[LOG] SystemI::createSoundInternal             : exinfo->fileoffset         = 8096
[LOG] SystemI::createSoundInternal             : exinfo->numsubsounds       = 1
[LOG] SystemI::createSoundInternal             : exinfo->inclusionlist      = 0000009FDB85F0C8
[LOG] SystemI::createSoundInternal             : exinfo->inclusionlistnum   = 1
[LOG] SystemI::createSoundInternal             : exinfo->suggestedsoundtype = 5
[LOG] SystemI::createSoundInternal             : exinfo->useropen           = 00007FF9206C7E30
[LOG] SystemI::createSoundInternal             : exinfo->userclose          = 00007FF9206C7E00
[LOG] SystemI::createSoundInternal             : exinfo->userread           = 00007FF9206C7F00
[LOG] SystemI::createSoundInternal             : exinfo->userseek           = 00007FF9206C7FC0
[LOG] SystemI::createSoundInternal             : exinfo->fileuserdata       = 000001E84C3552C8
[LOG] SystemI::createSoundInternal             : exinfo->initialseekpostype = 1
[LOG] SystemI::DSPCodecPoolRegister            : register codec pool for pool type 5
[LOG] SystemI::createSoundInternal             : Sample 0/1: name='jump_08', format=5, channels=1, frequency=48000, lengthbytes=8416, lengthpcm=47725, pcmblocksize=0, loopstart=0, loopend=0, mode=0x00000000, channelmask=0x00000000, channelorder=0, peakvolume=0.316406.
[LOG] SystemI::createSoundInternal             : Create name='', mode=0x02000202
[LOG] SystemI::createSoundInternal             : exinfo->cbsize             = 224
[LOG] SystemI::createSoundInternal             : exinfo->length             = 155872
[LOG] SystemI::createSoundInternal             : exinfo->fileoffset         = 8096
[LOG] SystemI::createSoundInternal             : exinfo->numsubsounds       = 1
[LOG] SystemI::createSoundInternal             : exinfo->inclusionlist      = 0000009FDB85F0C8
[LOG] SystemI::createSoundInternal             : exinfo->inclusionlistnum   = 1
[LOG] SystemI::createSoundInternal             : exinfo->suggestedsoundtype = 5
[LOG] SystemI::createSoundInternal             : exinfo->useropen           = 00007FF9206C7E30
[LOG] SystemI::createSoundInternal             : exinfo->userclose          = 00007FF9206C7E00
[LOG] SystemI::createSoundInternal             : exinfo->userread           = 00007FF9206C7F00
[LOG] SystemI::createSoundInternal             : exinfo->userseek           = 00007FF9206C7FC0
[LOG] SystemI::createSoundInternal             : exinfo->fileuserdata       = 000001E84C3552C8
[LOG] SystemI::createSoundInternal             : exinfo->initialseekpostype = 1
[LOG] SystemI::DSPCodecPoolRegister            : register codec pool for pool type 5
[LOG] SystemI::createSoundInternal             : Sample 0/1: name='jump_16', format=5, channels=1, frequency=48000, lengthbytes=7808, lengthpcm=47834, pcmblocksize=0, loopstart=0, loopend=0, mode=0x00000000, channelmask=0x00000000, channelorder=0, peakvolume=0.343414.
[LOG] SystemI::createSoundInternal             : Create name='', mode=0x02000202
[LOG] SystemI::createSoundInternal             : exinfo->cbsize             = 224
[LOG] SystemI::createSoundInternal             : exinfo->length             = 155872
[LOG] SystemI::createSoundInternal             : exinfo->fileoffset         = 8096
[LOG] SystemI::createSoundInternal             : exinfo->numsubsounds       = 1
[LOG] SystemI::createSoundInternal             : exinfo->inclusionlist      = 0000009FDB85F0C8
[LOG] SystemI::createSoundInternal             : exinfo->inclusionlistnum   = 1
[LOG] SystemI::createSoundInternal             : exinfo->suggestedsoundtype = 5
[LOG] SystemI::createSoundInternal             : exinfo->useropen           = 00007FF9206C7E30
[LOG] SystemI::createSoundInternal             : exinfo->userclose          = 00007FF9206C7E00
[LOG] SystemI::createSoundInternal             : exinfo->userread           = 00007FF9206C7F00
[LOG] SystemI::createSoundInternal             : exinfo->userseek           = 00007FF9206C7FC0
[LOG] SystemI::createSoundInternal             : exinfo->fileuserdata       = 000001E84C3556E8
[LOG] SystemI::createSoundInternal             : exinfo->initialseekpostype = 1
[LOG] SystemI::DSPCodecPoolRegister            : register codec pool for pool type 5
[LOG] SystemI::createSoundInternal             : Sample 0/1: name='bounce', format=5, channels=1, frequency=48000, lengthbytes=8800, lengthpcm=48000, pcmblocksize=0, loopstart=0, loopend=0, mode=0x00000000, channelmask=0x00000000, channelorder=0, peakvolume=0.110687.
[LOG] SoundI::release                          :  (000001E72747CE58)
[LOG] SoundI::release                          :     bounce (000001E76A6D5CE8)
[LOG] SoundI::release                          :  (000001E727479648)
[LOG] SoundI::release                          :     jump_01 (000001E76A6D80A8)
[LOG] SoundI::release                          :  (000001E72747C898)
[LOG] SoundI::release                          :     jump_02 (000001E76A6D9428)
[LOG] SoundI::release                          :  (000001E72747A4A8)
[LOG] SoundI::release                          :     jump_03 (000001E76A6D7F08)
[LOG] SoundI::release                          :  (000001E727478C38)
[LOG] SoundI::release                          :     jump_04 (000001E76A6D66A8)
[LOG] SoundI::release                          :  (000001E72747B028)
[LOG] SoundI::release                          :     jump_05 (000001E76A6D4E48)
[LOG] SoundI::release                          :  (000001E727478228)
[LOG] SoundI::release                          :     jump_06 (000001E76A6D6D28)
[LOG] SoundI::release                          :  (000001E72747CB78)
[LOG] SoundI::release                          :     jump_07 (000001E76A6D6508)
[LOG] SoundI::release                          :  (000001E72747CCE8)
[LOG] SoundI::release                          :     jump_08 (000001E76A6D88C8)
[LOG] SoundI::release                          :  (000001E72747A618)
[LOG] SoundI::release                          :     jump_09 (000001E76A6D3788)
[LOG] SoundI::release                          :  (000001E72747BE88)
[LOG] SoundI::release                          :     jump_10 (000001E76A6D42E8)
[LOG] SoundI::release                          :  (000001E72747BFF8)
[LOG] SoundI::release                          :     jump_11 (000001E76A6D4968)
[LOG] SoundI::release                          :  (000001E72747C168)
[LOG] SoundI::release                          :     jump_12 (000001E76A6D8248)
[LOG] SoundI::release                          :  (000001E72747ABD8)
[LOG] SoundI::release                          :     jump_13 (000001E76A6D4FE8)
[LOG] SoundI::release                          :  (000001E727478958)
[LOG] SoundI::release                          :     jump_14 (000001E76A6D5668)
[LOG] SoundI::release                          :  (000001E72747B5E8)
[LOG] SoundI::release                          :     jump_15 (000001E76A6D4628)
[LOG] SoundI::release                          :  (000001E72747D418)
[LOG] SoundI::release                          :     jump_16 (000001E76A6D59A8)
[LOG] SoundI::release                          :  (000001E727478F18)
[LOG] SoundI::release                          :     jump_17 (000001E76A6D5808)
[LOG] Thread::callback                         : FMOD Studio update thread finished.
[LOG] Thread::callback                         : FMOD Studio bank load thread finished.
[LOG] Profile::disconnectAll                   : Profiler disconnecting all clients
[LOG] Thread::callback                         : FMOD Studio sample load thread finished.
[LOG] LiveUpdate::release                      : 
[LOG] LiveUpdate::reset                        : Reset connection (reason Disconnected)
[LOG] Thread::callback                         : FMOD stream thread finished.
[LOG] Thread::callback                         : FMOD mixer thread finished.
[LOG] Profile::disconnectAll                   : Profiler disconnecting all clients
[LOG] SystemI::close                           : Closed.
[LOG] Thread::callback                         : FMOD Studio bank load thread finished.
[LOG] Thread::callback                         : FMOD Studio sample load thread finished.
[LOG] LiveUpdate::release                      : 
[LOG] LiveUpdate::reset                        : Reset connection (reason Disconnected)
[LOG] Thread::callback                         : FMOD stream thread finished.
[LOG] Thread::callback                         : FMOD mixer thread finished.
[LOG] SystemI::close                           : Closed.
